# JRE version: OpenJDK Runtime Environment (8.0_242-b01) (build 1.8.0_242-release-1644-b01)
# Java VM: OpenJDK 64-Bit Server VM (25.242-b01 mixed mode windows-amd64 compressed oops)
Heap:
 PSYoungGen      total 558080K, used 558052K [0x00000000d5580000, 0x0000000100000000, 0x0000000100000000)
  eden space 424960K, 100% used [0x00000000d5580000,0x00000000ef480000,0x00000000ef480000)
  from space 133120K, 99% used [0x00000000ef480000,0x00000000f76791c0,0x00000000f7680000)
  to   space 140800K, 88% used [0x00000000f7680000,0x00000000ff02df30,0x0000000100000000)
 ParOldGen       total 370176K, used 203545K [0x0000000080000000, 0x0000000096980000, 0x00000000d5580000)
  object space 370176K, 54% used [0x0000000080000000,0x000000008c6c6788,0x0000000096980000)
 Metaspace       used 99408K, capacity 106476K, committed 106792K, reserved 1142784K
  class space    used 12838K, capacity 14022K, committed 14128K, reserved 1048576K
GC Heap History (10 events):
Event: 838.371 GC heap after
Heap after GC invocations=32 (full 4):
 PSYoungGen      total 446464K, used 78320K [0x00000000d5580000, 0x00000000fb880000, 0x0000000100000000)
  eden space 368128K, 0% used [0x00000000d5580000,0x00000000d5580000,0x00000000ebd00000)
  from space 78336K, 99% used [0x00000000f2580000,0x00000000f71fc3a0,0x00000000f7200000)
  to   space 107008K, 0% used [0x00000000ebd00000,0x00000000ebd00000,0x00000000f2580000)
 ParOldGen       total 200192K, used 199943K [0x0000000080000000, 0x000000008c380000, 0x00000000d5580000)
  object space 200192K, 99% used [0x0000000080000000,0x000000008c341d90,0x000000008c380000)
 Metaspace       used 96862K, capacity 103206K, committed 103464K, reserved 1138688K
  class space    used 12620K, capacity 13787K, committed 13872K, reserved 1048576K
}
Event: 838.371 GC heap before
{Heap before GC invocations=33 (full 5):
 PSYoungGen      total 446464K, used 78320K [0x00000000d5580000, 0x00000000fb880000, 0x0000000100000000)
  eden space 368128K, 0% used [0x00000000d5580000,0x00000000d5580000,0x00000000ebd00000)
  from space 78336K, 99% used [0x00000000f2580000,0x00000000f71fc3a0,0x00000000f7200000)
  to   space 107008K, 0% used [0x00000000ebd00000,0x00000000ebd00000,0x00000000f2580000)
 ParOldGen       total 200192K, used 199943K [0x0000000080000000, 0x000000008c380000, 0x00000000d5580000)
  object space 200192K, 99% used [0x0000000080000000,0x000000008c341d90,0x000000008c380000)
 Metaspace       used 96862K, capacity 103206K, committed 103464K, reserved 1138688K
  class space    used 12620K, capacity 13787K, committed 13872K, reserved 1048576K
Event: 839.288 GC heap after
Heap after GC invocations=33 (full 5):
 PSYoungGen      total 446464K, used 11033K [0x00000000d5580000, 0x00000000fb880000, 0x0000000100000000)
  eden space 368128K, 0% used [0x00000000d5580000,0x00000000d5580000,0x00000000ebd00000)
  from space 78336K, 14% used [0x00000000f2580000,0x00000000f3046480,0x00000000f7200000)
  to   space 107008K, 0% used [0x00000000ebd00000,0x00000000ebd00000,0x00000000f2580000)
 ParOldGen       total 370176K, used 199925K [0x0000000080000000, 0x0000000096980000, 0x00000000d5580000)
  object space 370176K, 54% used [0x0000000080000000,0x000000008c33d5f0,0x0000000096980000)
 Metaspace       used 96706K, capacity 102954K, committed 103464K, reserved 1138688K
  class space    used 12559K, capacity 13675K, committed 13872K, reserved 1048576K
}
Event: 841.411 GC heap before
{Heap before GC invocations=34 (full 5):
 PSYoungGen      total 446464K, used 379161K [0x00000000d5580000, 0x00000000fb880000, 0x0000000100000000)
  eden space 368128K, 100% used [0x00000000d5580000,0x00000000ebd00000,0x00000000ebd00000)
  from space 78336K, 14% used [0x00000000f2580000,0x00000000f3046480,0x00000000f7200000)
  to   space 107008K, 0% used [0x00000000ebd00000,0x00000000ebd00000,0x00000000f2580000)
 ParOldGen       total 370176K, used 199925K [0x0000000080000000, 0x0000000096980000, 0x00000000d5580000)
  object space 370176K, 54% used [0x0000000080000000,0x000000008c33d5f0,0x0000000096980000)
 Metaspace       used 98321K, capacity 105126K, committed 105384K, reserved 1140736K
  class space    used 12758K, capacity 13907K, committed 14000K, reserved 1048576K
Event: 841.528 GC heap after
Heap after GC invocations=34 (full 5):
 PSYoungGen      total 475136K, used 73755K [0x00000000d5580000, 0x00000000fe500000, 0x0000000100000000)
  eden space 368128K, 0% used [0x00000000d5580000,0x00000000d5580000,0x00000000ebd00000)
  from space 107008K, 68% used [0x00000000ebd00000,0x00000000f0506f18,0x00000000f2580000)
  to   space 113152K, 0% used [0x00000000f7680000,0x00000000f7680000,0x00000000fe500000)
 ParOldGen       total 370176K, used 199925K [0x0000000080000000, 0x0000000096980000, 0x00000000d5580000)
  object space 370176K, 54% used [0x0000000080000000,0x000000008c33d5f0,0x0000000096980000)
 Metaspace       used 98321K, capacity 105126K, committed 105384K, reserved 1140736K
  class space    used 12758K, capacity 13907K, committed 14000K, reserved 1048576K
}
Event: 842.260 GC heap before
{Heap before GC invocations=35 (full 5):
 PSYoungGen      total 475136K, used 441883K [0x00000000d5580000, 0x00000000fe500000, 0x0000000100000000)
  eden space 368128K, 100% used [0x00000000d5580000,0x00000000ebd00000,0x00000000ebd00000)
  from space 107008K, 68% used [0x00000000ebd00000,0x00000000f0506f18,0x00000000f2580000)
  to   space 113152K, 0% used [0x00000000f7680000,0x00000000f7680000,0x00000000fe500000)
 ParOldGen       total 370176K, used 199925K [0x0000000080000000, 0x0000000096980000, 0x00000000d5580000)
  object space 370176K, 54% used [0x0000000080000000,0x000000008c33d5f0,0x0000000096980000)
 Metaspace       used 98617K, capacity 105472K, committed 105640K, reserved 1140736K
  class space    used 12791K, capacity 13946K, committed 14000K, reserved 1048576K
Event: 842.390 GC heap after
Heap after GC invocations=35 (full 5):
 PSYoungGen      total 538112K, used 113144K [0x00000000d5580000, 0x0000000100000000, 0x0000000100000000)
  eden space 424960K, 0% used [0x00000000d5580000,0x00000000d5580000,0x00000000ef480000)
  from space 113152K, 99% used [0x00000000f7680000,0x00000000fe4fe3b8,0x00000000fe500000)
  to   space 133120K, 0% used [0x00000000ef480000,0x00000000ef480000,0x00000000f7680000)
 ParOldGen       total 370176K, used 203178K [0x0000000080000000, 0x0000000096980000, 0x00000000d5580000)
  object space 370176K, 54% used [0x0000000080000000,0x000000008c66a910,0x0000000096980000)
 Metaspace       used 98617K, capacity 105472K, committed 105640K, reserved 1140736K
  class space    used 12791K, capacity 13946K, committed 14000K, reserved 1048576K
}
Event: 843.442 GC heap before
{Heap before GC invocations=36 (full 5):
 PSYoungGen      total 538112K, used 538104K [0x00000000d5580000, 0x0000000100000000, 0x0000000100000000)
  eden space 424960K, 100% used [0x00000000d5580000,0x00000000ef480000,0x00000000ef480000)
  from space 113152K, 99% used [0x00000000f7680000,0x00000000fe4fe3b8,0x00000000fe500000)
  to   space 133120K, 0% used [0x00000000ef480000,0x00000000ef480000,0x00000000f7680000)
 ParOldGen       total 370176K, used 203178K [0x0000000080000000, 0x0000000096980000, 0x00000000d5580000)
  object space 370176K, 54% used [0x0000000080000000,0x000000008c66a910,0x0000000096980000)
 Metaspace       used 99134K, capacity 106088K, committed 106152K, reserved 1140736K
  class space    used 12809K, capacity 13986K, committed 14000K, reserved 1048576K
Event: 843.564 GC heap after
Heap after GC invocations=36 (full 5):
 PSYoungGen      total 558080K, used 133092K [0x00000000d5580000, 0x0000000100000000, 0x0000000100000000)
  eden space 424960K, 0% used [0x00000000d5580000,0x00000000d5580000,0x00000000ef480000)
  from space 133120K, 99% used [0x00000000ef480000,0x00000000f76791c0,0x00000000f7680000)
  to   space 140800K, 0% used [0x00000000f7680000,0x00000000f7680000,0x0000000100000000)
 ParOldGen       total 370176K, used 203545K [0x0000000080000000, 0x0000000096980000, 0x00000000d5580000)
  object space 370176K, 54% used [0x0000000080000000,0x000000008c6c6788,0x0000000096980000)
 Metaspace       used 99134K, capacity 106088K, committed 106152K, reserved 1140736K
  class space    used 12809K, capacity 13986K, committed 14000K, reserved 1048576K
}
Event: 844.559 GC heap before
{Heap before GC invocations=37 (full 5):
 PSYoungGen      total 558080K, used 558052K [0x00000000d5580000, 0x0000000100000000, 0x0000000100000000)
  eden space 424960K, 100% used [0x00000000d5580000,0x00000000ef480000,0x00000000ef480000)
  from space 133120K, 99% used [0x00000000ef480000,0x00000000f76791c0,0x00000000f7680000)
  to   space 140800K, 0% used [0x00000000f7680000,0x00000000f7680000,0x0000000100000000)
 ParOldGen       total 370176K, used 203545K [0x0000000080000000, 0x0000000096980000, 0x00000000d5580000)
  object space 370176K, 54% used [0x0000000080000000,0x000000008c6c6788,0x0000000096980000)
 Metaspace       used 99408K, capacity 106476K, committed 106792K, reserved 1142784K
  class space    used 12838K, capacity 14022K, committed 14128K, reserved 1048576K

