# JRE version: OpenJDK Runtime Environment (8.0_242-b01) (build 1.8.0_242-release-1644-b01)
# Java VM: OpenJDK 64-Bit Server VM (25.242-b01 mixed mode windows-amd64 compressed oops)
Heap:
 PSYoungGen      total 203264K, used 96693K [0x00000000d5580000, 0x00000000e3e00000, 0x0000000100000000)
  eden space 179712K, 45% used [0x00000000d5580000,0x00000000da4dac40,0x00000000e0500000)
  from space 23552K, 65% used [0x00000000e0500000,0x00000000e1412bb0,0x00000000e1c00000)
  to   space 23552K, 0% used [0x00000000e2700000,0x00000000e2700000,0x00000000e3e00000)
 ParOldGen       total 195584K, used 83672K [0x0000000080000000, 0x000000008bf00000, 0x00000000d5580000)
  object space 195584K, 42% used [0x0000000080000000,0x00000000851b6320,0x000000008bf00000)
 Metaspace       used 100123K, capacity 108372K, committed 108568K, reserved 1144832K
  class space    used 12715K, capacity 14064K, committed 14128K, reserved 1048576K
GC Heap History (10 events):
Event: 4975.679 GC heap before
{Heap before GC invocations=81 (full 4):
 PSYoungGen      total 215552K, used 214966K [0x00000000d5580000, 0x00000000e4480000, 0x0000000100000000)
  eden space 197632K, 100% used [0x00000000d5580000,0x00000000e1680000,0x00000000e1680000)
  from space 17920K, 96% used [0x00000000e3300000,0x00000000e43edb58,0x00000000e4480000)
  to   space 23552K, 0% used [0x00000000e1680000,0x00000000e1680000,0x00000000e2d80000)
 ParOldGen       total 195584K, used 83496K [0x0000000080000000, 0x000000008bf00000, 0x00000000d5580000)
  object space 195584K, 42% used [0x0000000080000000,0x000000008518a320,0x000000008bf00000)
 Metaspace       used 100050K, capacity 108232K, committed 108312K, reserved 1142784K
  class space    used 12715K, capacity 14064K, committed 14128K, reserved 1048576K
Event: 4975.703 GC heap after
Heap after GC invocations=81 (full 4):
 PSYoungGen      total 210432K, used 18522K [0x00000000d5580000, 0x00000000e4180000, 0x0000000100000000)
  eden space 191488K, 0% used [0x00000000d5580000,0x00000000d5580000,0x00000000e1080000)
  from space 18944K, 97% used [0x00000000e1680000,0x00000000e2896a68,0x00000000e2900000)
  to   space 25088K, 0% used [0x00000000e2900000,0x00000000e2900000,0x00000000e4180000)
 ParOldGen       total 195584K, used 83528K [0x0000000080000000, 0x000000008bf00000, 0x00000000d5580000)
  object space 195584K, 42% used [0x0000000080000000,0x0000000085192320,0x000000008bf00000)
 Metaspace       used 100050K, capacity 108232K, committed 108312K, reserved 1142784K
  class space    used 12715K, capacity 14064K, committed 14128K, reserved 1048576K
}
Event: 5043.505 GC heap before
{Heap before GC invocations=82 (full 4):
 PSYoungGen      total 210432K, used 210010K [0x00000000d5580000, 0x00000000e4180000, 0x0000000100000000)
  eden space 191488K, 100% used [0x00000000d5580000,0x00000000e1080000,0x00000000e1080000)
  from space 18944K, 97% used [0x00000000e1680000,0x00000000e2896a68,0x00000000e2900000)
  to   space 25088K, 0% used [0x00000000e2900000,0x00000000e2900000,0x00000000e4180000)
 ParOldGen       total 195584K, used 83528K [0x0000000080000000, 0x000000008bf00000, 0x00000000d5580000)
  object space 195584K, 42% used [0x0000000080000000,0x0000000085192320,0x000000008bf00000)
 Metaspace       used 100085K, capacity 108296K, committed 108568K, reserved 1144832K
  class space    used 12715K, capacity 14064K, committed 14128K, reserved 1048576K
Event: 5043.530 GC heap after
Heap after GC invocations=82 (full 4):
 PSYoungGen      total 202240K, used 11345K [0x00000000d5580000, 0x00000000e3980000, 0x0000000100000000)
  eden space 185344K, 0% used [0x00000000d5580000,0x00000000d5580000,0x00000000e0a80000)
  from space 16896K, 67% used [0x00000000e2900000,0x00000000e3414668,0x00000000e3980000)
  to   space 24064K, 0% used [0x00000000e0a80000,0x00000000e0a80000,0x00000000e2200000)
 ParOldGen       total 195584K, used 83552K [0x0000000080000000, 0x000000008bf00000, 0x00000000d5580000)
  object space 195584K, 42% used [0x0000000080000000,0x0000000085198320,0x000000008bf00000)
 Metaspace       used 100085K, capacity 108296K, committed 108568K, reserved 1144832K
  class space    used 12715K, capacity 14064K, committed 14128K, reserved 1048576K
}
Event: 5044.556 GC heap before
{Heap before GC invocations=83 (full 4):
 PSYoungGen      total 202240K, used 196689K [0x00000000d5580000, 0x00000000e3980000, 0x0000000100000000)
  eden space 185344K, 100% used [0x00000000d5580000,0x00000000e0a80000,0x00000000e0a80000)
  from space 16896K, 67% used [0x00000000e2900000,0x00000000e3414668,0x00000000e3980000)
  to   space 24064K, 0% used [0x00000000e0a80000,0x00000000e0a80000,0x00000000e2200000)
 ParOldGen       total 195584K, used 83552K [0x0000000080000000, 0x000000008bf00000, 0x00000000d5580000)
  object space 195584K, 42% used [0x0000000080000000,0x0000000085198320,0x000000008bf00000)
 Metaspace       used 100088K, capacity 108296K, committed 108568K, reserved 1144832K
  class space    used 12715K, capacity 14064K, committed 14128K, reserved 1048576K
Event: 5044.581 GC heap after
Heap after GC invocations=83 (full 4):
 PSYoungGen      total 209408K, used 15130K [0x00000000d5580000, 0x00000000e4180000, 0x0000000100000000)
  eden space 185344K, 0% used [0x00000000d5580000,0x00000000d5580000,0x00000000e0a80000)
  from space 24064K, 62% used [0x00000000e0a80000,0x00000000e1946bc0,0x00000000e2200000)
  to   space 23552K, 0% used [0x00000000e2a80000,0x00000000e2a80000,0x00000000e4180000)
 ParOldGen       total 195584K, used 83592K [0x0000000080000000, 0x000000008bf00000, 0x00000000d5580000)
  object space 195584K, 42% used [0x0000000080000000,0x00000000851a2320,0x000000008bf00000)
 Metaspace       used 100088K, capacity 108296K, committed 108568K, reserved 1144832K
  class space    used 12715K, capacity 14064K, committed 14128K, reserved 1048576K
}
Event: 5121.579 GC heap before
{Heap before GC invocations=84 (full 4):
 PSYoungGen      total 209408K, used 200474K [0x00000000d5580000, 0x00000000e4180000, 0x0000000100000000)
  eden space 185344K, 100% used [0x00000000d5580000,0x00000000e0a80000,0x00000000e0a80000)
  from space 24064K, 62% used [0x00000000e0a80000,0x00000000e1946bc0,0x00000000e2200000)
  to   space 23552K, 0% used [0x00000000e2a80000,0x00000000e2a80000,0x00000000e4180000)
 ParOldGen       total 195584K, used 83592K [0x0000000080000000, 0x000000008bf00000, 0x00000000d5580000)
  object space 195584K, 42% used [0x0000000080000000,0x00000000851a2320,0x000000008bf00000)
 Metaspace       used 100104K, capacity 108300K, committed 108568K, reserved 1144832K
  class space    used 12715K, capacity 14064K, committed 14128K, reserved 1048576K
Event: 5121.590 GC heap after
Heap after GC invocations=84 (full 4):
 PSYoungGen      total 188416K, used 7062K [0x00000000d5580000, 0x00000000e3300000, 0x0000000100000000)
  eden space 179712K, 0% used [0x00000000d5580000,0x00000000d5580000,0x00000000e0500000)
  from space 8704K, 81% used [0x00000000e2a80000,0x00000000e3165a98,0x00000000e3300000)
  to   space 23552K, 0% used [0x00000000e0500000,0x00000000e0500000,0x00000000e1c00000)
 ParOldGen       total 195584K, used 83648K [0x0000000080000000, 0x000000008bf00000, 0x00000000d5580000)
  object space 195584K, 42% used [0x0000000080000000,0x00000000851b0320,0x000000008bf00000)
 Metaspace       used 100104K, capacity 108300K, committed 108568K, reserved 1144832K
  class space    used 12715K, capacity 14064K, committed 14128K, reserved 1048576K
}
Event: 5122.407 GC heap before
{Heap before GC invocations=85 (full 4):
 PSYoungGen      total 188416K, used 186774K [0x00000000d5580000, 0x00000000e3300000, 0x0000000100000000)
  eden space 179712K, 100% used [0x00000000d5580000,0x00000000e0500000,0x00000000e0500000)
  from space 8704K, 81% used [0x00000000e2a80000,0x00000000e3165a98,0x00000000e3300000)
  to   space 23552K, 0% used [0x00000000e0500000,0x00000000e0500000,0x00000000e1c00000)
 ParOldGen       total 195584K, used 83648K [0x0000000080000000, 0x000000008bf00000, 0x00000000d5580000)
  object space 195584K, 42% used [0x0000000080000000,0x00000000851b0320,0x000000008bf00000)
 Metaspace       used 100114K, capacity 108300K, committed 108568K, reserved 1144832K
  class space    used 12715K, capacity 14064K, committed 14128K, reserved 1048576K
Event: 5122.431 GC heap after
Heap after GC invocations=85 (full 4):
 PSYoungGen      total 203264K, used 15434K [0x00000000d5580000, 0x00000000e3e00000, 0x0000000100000000)
  eden space 179712K, 0% used [0x00000000d5580000,0x00000000d5580000,0x00000000e0500000)
  from space 23552K, 65% used [0x00000000e0500000,0x00000000e1412bb0,0x00000000e1c00000)
  to   space 23552K, 0% used [0x00000000e2700000,0x00000000e2700000,0x00000000e3e00000)
 ParOldGen       total 195584K, used 83672K [0x0000000080000000, 0x000000008bf00000, 0x00000000d5580000)
  object space 195584K, 42% used [0x0000000080000000,0x00000000851b6320,0x000000008bf00000)
 Metaspace       used 100114K, capacity 108300K, committed 108568K, reserved 1144832K
  class space    used 12715K, capacity 14064K, committed 14128K, reserved 1048576K
}

